生成启动时间为 2017/5/16 9:37:09。
     1>项目“C:\Users\app\Desktop\DBMS\DBMS\DBMS.vcxproj”在节点 2 上(Build 个目标)。
     1>ClCompile:
         C:\Program Files (x86)\Microsoft Visual Studio 12.0\VC\bin\CL.exe /c /ZI /nologo /W3 /WX- /sdl /Od /Oy- /D WIN32 /D _WINDOWS /D _DEBUG /D _UNICODE /D UNICODE /D _AFXDLL /Gm /EHsc /RTC1 /MDd /GS /fp:precise /Zc:wchar_t /Zc:forScope /Yc"stdafx.h" /Fp"Debug\DBMS.pch" /Fo"Debug\\" /Fd"Debug\vc120.pdb" /Gd /TP /analyze- /errorReport:prompt stdafx.cpp
         stdafx.cpp
         C:\Program Files (x86)\Microsoft Visual Studio 12.0\VC\bin\CL.exe /c /ZI /nologo /W3 /WX- /sdl /Od /Oy- /D WIN32 /D _WINDOWS /D _DEBUG /D _UNICODE /D UNICODE /D _AFXDLL /Gm /EHsc /RTC1 /MDd /GS /fp:precise /Zc:wchar_t /Zc:forScope /Yu"stdafx.h" /Fp"Debug\DBMS.pch" /Fo"Debug\\" /Fd"Debug\vc120.pdb" /Gd /TP /analyze- /errorReport:prompt ConditionQuery.cpp FieldDialog.cpp LoginDlg.cpp RcdDialog.cpp BinaryFile.cpp DBDAO.cpp DBEntity.cpp DBLogic.cpp DBMS.cpp DBMSDoc.cpp DBMSView.cpp DBView.cpp FieldDAO.cpp FieldEntity.cpp FieldLogic.cpp MainFrm.cpp RecordDAO.cpp RecordEntity.cpp RecordLogic.cpp RegisterDlg.cpp SystemDAO.cpp SystemLogic.cpp TableDAO.cpp TableEntity.cpp TableLogic.cpp TableView.cpp Util.cpp
         Util.cpp
     1>c:\users\app\desktop\dbms\dbms\util.cpp(358): warning C4800: “BOOL”: 将值强制为布尔值“true”或“false”(性能警告)
     1>c:\users\app\desktop\dbms\dbms\util.cpp(361): warning C4800: “BOOL”: 将值强制为布尔值“true”或“false”(性能警告)
         TableView.cpp
     1>c:\users\app\desktop\dbms\dbms\tableview.cpp(129): warning C4018: “<”: 有符号/无符号不匹配
     1>c:\users\app\desktop\dbms\dbms\tableview.cpp(137): warning C4244: “初始化”: 从“double”转换到“int”，可能丢失数据
     1>c:\users\app\desktop\dbms\dbms\tableview.cpp(142): warning C4244: “=”: 从“double”转换到“int”，可能丢失数据
         TableLogic.cpp
         TableEntity.cpp
         TableDAO.cpp
     1>c:\users\app\desktop\dbms\dbms\tabledao.cpp(149): warning C4305: “return”: 从“int”到“bool”截断
         SystemLogic.cpp
         SystemDAO.cpp
     1>c:\users\app\desktop\dbms\dbms\systemdao.cpp(69): warning C4800: “BOOL”: 将值强制为布尔值“true”或“false”(性能警告)
         RegisterDlg.cpp
         RecordLogic.cpp
     1>c:\users\app\desktop\dbms\dbms\recordlogic.cpp(285): warning C4018: “<”: 有符号/无符号不匹配
         RecordEntity.cpp
         RecordDAO.cpp
     1>c:\users\app\desktop\dbms\dbms\recorddao.cpp(42): warning C4018: “<”: 有符号/无符号不匹配
     1>c:\users\app\desktop\dbms\dbms\recorddao.cpp(66): warning C4018: “<”: 有符号/无符号不匹配
     1>c:\users\app\desktop\dbms\dbms\recorddao.cpp(156): warning C4018: “<”: 有符号/无符号不匹配
         MainFrm.cpp
         FieldLogic.cpp
     1>c:\users\app\desktop\dbms\dbms\fieldlogic.cpp(61): warning C4018: “<”: 有符号/无符号不匹配
         FieldEntity.cpp
         FieldDAO.cpp
     1>c:\users\app\desktop\dbms\dbms\fielddao.cpp(48): warning C4244: “参数”: 从“double”转换到“int”，可能丢失数据
     1>c:\users\app\desktop\dbms\dbms\fielddao.cpp(49): warning C4244: “参数”: 从“double”转换到“int”，可能丢失数据
     1>c:\users\app\desktop\dbms\dbms\fielddao.cpp(91): warning C4244: “参数”: 从“double”转换到“int”，可能丢失数据
     1>c:\users\app\desktop\dbms\dbms\fielddao.cpp(92): warning C4244: “参数”: 从“double”转换到“int”，可能丢失数据
         DBView.cpp
     1>c:\users\app\desktop\dbms\dbms\dbview.cpp(209): warning C4018: “<”: 有符号/无符号不匹配
         DBMSView.cpp
         DBMSDoc.cpp
         DBMS.cpp
         DBLogic.cpp
         正在生成代码...
         正在编译...
         DBEntity.cpp
         DBDAO.cpp
         BinaryFile.cpp
     1>c:\users\app\desktop\dbms\dbms\binaryfile.cpp(24): warning C4800: “BOOL”: 将值强制为布尔值“true”或“false”(性能警告)
     1>c:\users\app\desktop\dbms\dbms\binaryfile.cpp(53): warning C4800: “BOOL”: 将值强制为布尔值“true”或“false”(性能警告)
     1>c:\users\app\desktop\dbms\dbms\binaryfile.cpp(89): warning C4800: “BOOL”: 将值强制为布尔值“true”或“false”(性能警告)
     1>c:\users\app\desktop\dbms\dbms\binaryfile.cpp(105): warning C4800: “BOOL”: 将值强制为布尔值“true”或“false”(性能警告)
     1>c:\users\app\desktop\dbms\dbms\binaryfile.cpp(108): warning C4018: “<”: 有符号/无符号不匹配
     1>c:\users\app\desktop\dbms\dbms\binaryfile.cpp(130): warning C4800: “BOOL”: 将值强制为布尔值“true”或“false”(性能警告)
     1>c:\users\app\desktop\dbms\dbms\binaryfile.cpp(160): warning C4018: “<”: 有符号/无符号不匹配
     1>c:\users\app\desktop\dbms\dbms\binaryfile.cpp(188): warning C4018: “<”: 有符号/无符号不匹配
         RcdDialog.cpp
     1>c:\users\app\desktop\dbms\dbms\rcddialog.cpp(79): warning C4018: “<”: 有符号/无符号不匹配
     1>c:\users\app\desktop\dbms\dbms\rcddialog.cpp(110): warning C4018: “<”: 有符号/无符号不匹配
     1>c:\users\app\desktop\dbms\dbms\rcddialog.cpp(189): warning C4018: “<=”: 有符号/无符号不匹配
         LoginDlg.cpp
         FieldDialog.cpp
         ConditionQuery.cpp
     1>c:\users\app\desktop\dbms\dbms\conditionquery.cpp(75): warning C4018: “<”: 有符号/无符号不匹配
     1>c:\users\app\desktop\dbms\dbms\conditionquery.cpp(103): warning C4018: “<=”: 有符号/无符号不匹配
     1>c:\users\app\desktop\dbms\dbms\conditionquery.cpp(175): warning C4018: “<”: 有符号/无符号不匹配
         正在生成代码...
       ResourceCompile:
         C:\Program Files (x86)\Windows Kits\8.1\bin\x86\rc.exe /D _DEBUG /D _UNICODE /D UNICODE /D _AFXDLL /l"0x0804" /IDebug\ /nologo /fo"Debug\DBMS.res" DBMS.rc 
       Link:
         C:\Program Files (x86)\Microsoft Visual Studio 12.0\VC\bin\link.exe /ERRORREPORT:PROMPT /OUT:"C:\Users\app\Desktop\DBMS\Debug\DBMS.exe" /INCREMENTAL /NOLOGO /MANIFEST /MANIFESTUAC:"level='asInvoker' uiAccess='false'" /manifest:embed /manifestinput:"C:\Program Files (x86)\Microsoft Visual Studio 12.0\VC\Include\Manifest\dpiaware.manifest" /DEBUG /PDB:"C:\Users\app\Desktop\DBMS\Debug\DBMS.pdb" /SUBSYSTEM:WINDOWS /TLBID:1 /ENTRY:"wWinMainCRTStartup" /DYNAMICBASE /NXCOMPAT /IMPLIB:"C:\Users\app\Desktop\DBMS\Debug\DBMS.lib" /MACHINE:X86 Debug\DBMS.res
         Debug\ConditionQuery.obj
         Debug\FieldDialog.obj
         Debug\LoginDlg.obj
         Debug\RcdDialog.obj
         Debug\BinaryFile.obj
         Debug\DBDAO.obj
         Debug\DBEntity.obj
         Debug\DBLogic.obj
         Debug\DBMS.obj
         Debug\DBMSDoc.obj
         Debug\DBMSView.obj
         Debug\DBView.obj
         Debug\FieldDAO.obj
         Debug\FieldEntity.obj
         Debug\FieldLogic.obj
         Debug\MainFrm.obj
         Debug\RecordDAO.obj
         Debug\RecordEntity.obj
         Debug\RecordLogic.obj
         Debug\RegisterDlg.obj
         Debug\stdafx.obj
         Debug\SystemDAO.obj
         Debug\SystemLogic.obj
         Debug\TableDAO.obj
         Debug\TableEntity.obj
         Debug\TableLogic.obj
         Debug\TableView.obj
         Debug\Util.obj
         DBMS.vcxproj -> C:\Users\app\Desktop\DBMS\Debug\DBMS.exe
     1>已完成生成项目“C:\Users\app\Desktop\DBMS\DBMS\DBMS.vcxproj”(Build 个目标)的操作。

生成成功。

已用时间 00:00:46.03
